\BOOKMARK [0][-]{Doc-Start}{\376\377\144\130\211\201\000\040}{}% 1
\BOOKMARK [0][-]{Doc-Start}{\376\377\000A\000b\000s\000t\000r\000a\000c\000t\000\040}{}% 2
\BOOKMARK [0][-]{Doc-Start}{\376\377\000L\000i\000s\000t\000\040\000o\000f\000\040\000F\000i\000g\000u\000r\000e\000s\000\040}{}% 3
\BOOKMARK [0][-]{chapter.1}{\376\377\173\054\116\000\172\340\000\040\176\352\213\272}{}% 4
\BOOKMARK [1][-]{section.1.1}{\376\377\173\054\116\000\202\202\000\040\170\024\172\166\200\314\146\157}{chapter.1}% 5
\BOOKMARK [2][-]{subsection.1.1.1}{\376\377\116\000\060\001\000\040\170\024\172\166\141\017\116\111}{section.1.1}% 6
\BOOKMARK [1][-]{section.1.2}{\376\377\173\054\116\214\202\202\000\040\126\375\121\205\131\026\170\024\172\166\163\260\162\266}{chapter.1}% 7
\BOOKMARK [2][-]{subsection.1.2.1}{\376\377\116\000\060\001\000\040\126\375\121\205\170\024\172\166\163\260\162\266}{section.1.2}% 8
\BOOKMARK [2][-]{subsection.1.2.2}{\376\377\116\214\060\001\000\040\126\375\131\026\170\024\172\166\163\260\162\266}{section.1.2}% 9
\BOOKMARK [1][-]{section.1.3}{\376\377\173\054\116\011\202\202\000\040\170\024\172\166\121\205\133\271\116\016\145\271\154\325}{chapter.1}% 10
\BOOKMARK [2][-]{subsection.1.3.1}{\376\377\116\000\060\001\000\040\170\024\172\166\121\205\133\271}{section.1.3}% 11
\BOOKMARK [2][-]{subsection.1.3.2}{\376\377\116\214\060\001\000\040\170\024\172\166\145\271\154\325\116\016\155\101\172\013}{section.1.3}% 12
\BOOKMARK [1][-]{section.1.4}{\376\377\173\054\126\333\202\202\000\040\170\024\172\166\122\033\145\260}{chapter.1}% 13
\BOOKMARK [1][-]{section.1.5}{\376\377\173\054\116\224\202\202\000\040\213\272\145\207\172\340\202\202}{chapter.1}% 14
\BOOKMARK [0][-]{chapter.2}{\376\377\173\054\116\214\172\340\000\040\166\370\121\163\164\006\213\272\127\372\170\100}{}% 15
\BOOKMARK [1][-]{section.2.1}{\376\377\173\054\116\000\202\202\000\040\116\052\140\047\123\026\145\131\200\262\164\006\213\272\127\372\170\100}{chapter.2}% 16
\BOOKMARK [2][-]{subsection.2.1.1}{\376\377\116\000\060\001\000\040\116\052\140\047\123\026\145\131\200\262\166\204\133\232\116\111}{section.2.1}% 17
\BOOKMARK [2][-]{subsection.2.1.2}{\376\377\116\214\060\001\000\040\116\052\140\047\123\026\145\131\200\262\166\204\164\006\213\272\127\372\170\100}{section.2.1}% 18
\BOOKMARK [2][-]{subsection.2.1.3}{\376\377\116\011\060\001\000\040\116\052\140\047\123\026\145\131\200\262\166\204\133\236\163\260\215\357\137\204}{section.2.1}% 19
\BOOKMARK [1][-]{section.2.2}{\376\377\173\054\116\214\202\202\000\040\145\131\200\262\116\247\124\301\135\356\137\002\123\026\133\232\116\367\116\016\165\050\142\067\116\367\120\074\143\026\143\230}{chapter.2}% 20
\BOOKMARK [2][-]{subsection.2.2.1}{\376\377\116\000\060\001\000\040\145\131\200\262\116\247\124\301\166\204\125\106\124\301\134\136\140\047\116\016\133\232\116\367\122\250\126\340}{section.2.2}% 21
\BOOKMARK [2][-]{subsection.2.2.2}{\376\377\116\214\060\001\000\040\135\356\137\002\123\026\133\232\116\367\166\204\164\006\213\272\127\372\170\100}{section.2.2}% 22
\BOOKMARK [2][-]{subsection.2.2.3}{\376\377\116\011\060\001\000\040\135\356\137\002\123\026\133\232\116\367\136\372\152\041\215\357\137\204}{section.2.2}% 23
\BOOKMARK [1][-]{section.2.3}{\376\377\173\054\116\011\202\202\000\040\165\050\142\067\122\006\177\244\164\006\213\272\127\372\170\100}{chapter.2}% 24
\BOOKMARK [2][-]{subsection.2.3.1}{\376\377\116\000\060\001\000\040\136\002\127\072\176\306\122\006\164\006\213\272\116\016\210\114\116\072\122\006\177\244\127\372\170\100}{section.2.3}% 25
\BOOKMARK [2][-]{subsection.2.3.2}{\376\377\116\214\060\001\000\040\165\050\142\067\122\006\177\244\145\271\154\325\151\202\217\360}{section.2.3}% 26
\BOOKMARK [2][-]{subsection.2.3.3}{\376\377\116\011\060\001\000\040\165\050\142\067\122\006\177\244\127\050\135\356\137\002\123\026\176\304\124\010\133\232\116\367\173\126\165\145\116\055\166\204\117\134\165\050}{section.2.3}% 27
\BOOKMARK [2][-]{subsection.2.3.4}{\376\377\126\333\060\001\000\040\145\131\200\262\127\072\146\157\116\055\166\204\122\006\177\244\133\236\215\365\124\057\171\072}{section.2.3}% 28
\BOOKMARK [1][-]{section.2.4}{\376\377\173\054\126\333\202\202\000\040\167\345\213\306\160\271\143\214\143\341\162\266\140\001\136\372\152\041\164\006\213\272}{chapter.2}% 29
\BOOKMARK [2][-]{subsection.2.4.1}{\376\377\116\000\060\001\000\040\164\006\213\272\127\372\170\100\116\016\170\024\172\166\124\057\123\321}{section.2.4}% 30
\BOOKMARK [2][-]{subsection.2.4.2}{\376\377\116\214\060\001\000\040\136\372\152\041\220\073\217\221\116\016\145\271\154\325\117\123\174\373}{section.2.4}% 31
\BOOKMARK [2][-]{subsection.2.4.3}{\376\377\116\011\060\001\000\040\167\345\213\306\160\271\143\214\143\341\162\266\140\001\133\371\135\356\137\002\123\026\133\232\116\367\173\126\165\145\166\204\117\134\165\050}{section.2.4}% 32
\BOOKMARK [1][-]{section.2.5}{\376\377\173\054\116\224\202\202\000\040\210\114\116\072\133\232\116\367\164\006\213\272\127\372\170\100}{chapter.2}% 33
\BOOKMARK [2][-]{subsection.2.5.1}{\376\377\116\000\060\001\000\040\210\114\116\072\133\232\116\367\166\204\164\006\213\272\156\012\156\220\116\016\176\317\155\116\133\146\127\372\170\100}{section.2.5}% 34
\BOOKMARK [2][-]{subsection.2.5.2}{\376\377\116\214\060\001\000\040\210\114\116\072\123\330\221\317\116\016\145\057\116\330\141\017\141\077\166\204\121\375\145\160\146\040\134\004\147\072\122\066}{section.2.5}% 35
\BOOKMARK [2][-]{subsection.2.5.3}{\376\377\116\011\060\001\000\040\127\050\145\131\200\262\136\163\123\360\116\055\166\204\133\236\226\105\157\024\123\026\215\357\137\204}{section.2.5}% 36
\BOOKMARK [2][-]{subsection.2.5.4}{\376\377\126\333\060\001\000\040\210\114\116\072\133\232\116\367\136\372\152\041\150\106\147\266\116\016\117\030\123\026\121\375\145\160}{section.2.5}% 37
\BOOKMARK [1][-]{section.2.6}{\376\377\173\054\121\155\202\202\000\040\145\057\116\330\141\017\141\077\136\372\152\041\164\006\213\272}{chapter.2}% 38
\BOOKMARK [2][-]{subsection.2.6.1}{\376\377\116\000\060\001\000\040\145\057\116\330\141\017\141\077\166\204\164\006\213\272\215\167\160\271}{section.2.6}% 39
\BOOKMARK [2][-]{subsection.2.6.2}{\376\377\116\214\060\001\000\040\151\202\163\207\136\372\152\041\215\357\137\204\377\032\000L\000o\000g\000i\000t\000\040\152\041\127\213\123\312\121\166\147\072\122\066}{section.2.6}% 40
\BOOKMARK [2][-]{subsection.2.6.3}{\376\377\116\011\060\001\000\040\133\371\173\126\165\145\121\375\145\160\166\204\145\057\143\001\117\134\165\050}{section.2.6}% 41
\BOOKMARK [2][-]{subsection.2.6.4}{\376\377\126\333\060\001\000\040\153\143\122\031\230\171\143\247\122\066\116\016\152\041\127\213\172\063\133\232\140\047}{section.2.6}% 42
\BOOKMARK [2][-]{subsection.2.6.5}{\376\377\116\224\060\001\000\040\173\126\165\145\213\304\117\060\166\204\164\006\213\272\127\372\170\100}{section.2.6}% 43
\BOOKMARK [0][-]{chapter.3}{\376\377\173\054\116\011\172\340\000\040\152\041\127\213\147\204\136\372}{}% 44
\BOOKMARK [1][-]{section.3.1}{\376\377\173\054\116\000\202\202\000\040\165\050\142\067\210\114\116\072\122\006\177\244\136\372\152\041}{chapter.3}% 45
\BOOKMARK [2][-]{subsection.3.1.1}{\376\377\116\000\060\001\000\040\122\006\177\244\136\372\152\041\166\356\150\007}{section.3.1}% 46
\BOOKMARK [2][-]{subsection.3.1.2}{\376\377\116\214\060\001\000\040\210\114\116\072\162\171\137\201\213\276\213\241}{section.3.1}% 47
\BOOKMARK [2][-]{subsection.3.1.3}{\376\377\116\011\060\001\000\040\122\006\177\244\136\372\152\041\145\271\154\325}{section.3.1}% 48
\BOOKMARK [2][-]{subsection.3.1.4}{\376\377\126\333\060\001\000\040\122\006\177\244\136\372\152\041\176\323\147\234}{section.3.1}% 49
\BOOKMARK [1][-]{section.3.2}{\376\377\173\054\116\214\202\202\000\040\167\345\213\306\160\271\143\214\143\341\162\266\140\001\136\372\152\041}{chapter.3}% 50
\BOOKMARK [2][-]{subsection.3.2.1}{\376\377\116\000\060\001\000\040\136\372\152\041\166\356\150\007}{section.3.2}% 51
\BOOKMARK [2][-]{subsection.3.2.2}{\376\377\116\214\060\001\000\040\152\041\127\213\213\276\213\241\140\035\215\357\116\016\137\025\121\145}{section.3.2}% 52
\BOOKMARK [2][-]{subsection.3.2.3}{\376\377\116\011\060\001\000\040\210\114\116\072\162\171\137\201\213\276\213\241}{section.3.2}% 53
\BOOKMARK [2][-]{subsection.3.2.4}{\376\377\126\333\060\001\000\040\230\230\166\356\143\214\143\341\213\304\122\006\152\041\127\213}{section.3.2}% 54
\BOOKMARK [2][-]{subsection.3.2.5}{\376\377\116\224\060\001\000\040\167\345\213\306\160\271\143\214\143\341\136\246\213\241\173\227}{section.3.2}% 55
\BOOKMARK [2][-]{subsection.3.2.6}{\376\377\121\155\060\001\000\040\205\204\137\061\167\345\213\306\160\271\122\044\122\053}{section.3.2}% 56
\BOOKMARK [2][-]{subsection.3.2.7}{\376\377\116\003\060\001\000\040\136\372\152\041\176\323\147\234\136\224\165\050}{section.3.2}% 57
\BOOKMARK [1][-]{section.3.3}{\376\377\173\054\116\011\202\202\000\040\145\057\116\330\141\017\141\077\136\372\152\041}{chapter.3}% 58
\BOOKMARK [2][-]{subsection.3.3.1}{\376\377\116\000\060\001\000\040\136\372\152\041\166\356\150\007\116\016\116\032\122\241\200\314\146\157}{section.3.3}% 59
\BOOKMARK [2][-]{subsection.3.3.2}{\376\377\116\214\060\001\000\040\217\223\121\145\162\171\137\201\213\276\213\241}{section.3.3}% 60
\BOOKMARK [2][-]{subsection.3.3.3}{\376\377\116\011\060\001\000\040\136\372\152\041\145\271\154\325\116\016\145\160\133\146\210\150\217\276}{section.3.3}% 61
\BOOKMARK [2][-]{subsection.3.3.4}{\376\377\126\333\060\001\000\040\152\041\127\213\176\323\147\234\166\204\136\224\165\050\116\367\120\074}{section.3.3}% 62
\BOOKMARK [1][-]{section.3.4}{\376\377\173\054\126\333\202\202\000\040\135\356\137\002\123\026\176\304\124\010\133\232\116\367\173\126\165\145}{chapter.3}% 63
\BOOKMARK [2][-]{subsection.3.4.1}{\376\377\116\000\060\001\000\040\116\052\117\123\143\250\203\120\176\304\124\010\116\016\133\232\116\367\147\072\122\066\213\276\213\241}{section.3.4}% 64
\BOOKMARK [2][-]{subsection.3.4.2}{\376\377\116\214\060\001\000\040\136\163\123\360\145\066\166\312\147\000\131\047\123\026\117\030\123\026\152\041\127\213}{section.3.4}% 65
\BOOKMARK [1][-]{section.3.5}{\376\377\173\054\116\224\202\202\000\040\172\357\122\060\172\357\135\356\137\002\123\026\176\304\124\010\133\232\116\367\155\101\172\013\150\106\147\266}{chapter.3}% 66
\BOOKMARK [2][-]{subsection.3.5.1}{\376\377\116\000\060\001\000\040\172\357\122\060\172\357\155\101\172\013\150\106\147\266\166\204\116\032\122\241\141\017\116\111}{section.3.5}% 67
\BOOKMARK [2][-]{subsection.3.5.2}{\376\377\116\214\060\001\000\040\150\106\147\266\166\204\122\033\145\260\140\047\116\016\117\030\122\277}{section.3.5}% 68
\BOOKMARK [2][-]{subsection.3.5.3}{\376\377\116\011\060\001\000\040\150\106\147\266\166\204\123\357\142\151\134\125\140\047\116\016\121\166\116\326\136\224\165\050\127\072\146\157}{section.3.5}% 69
\BOOKMARK [0][-]{section*.28}{\376\377\123\302\200\003\145\207\163\056\000\040}{}% 84
